Determining if the pthread_create exist failed with the following output:
Change Dir: /home/owr02/nmp_webots_ws/src/redback_webots_slam/src/NMP_Webots/build/CMakeFiles/CMakeTmp

Run Build Command:"/usr/bin/make" "cmTC_a0166/fast"
/usr/bin/make -f CMakeFiles/cmTC_a0166.dir/build.make CMakeFiles/cmTC_a0166.dir/build
make[1]: Entering directory '/home/owr02/nmp_webots_ws/src/redback_webots_slam/src/NMP_Webots/build/CMakeFiles/CMakeTmp'
Building C object CMakeFiles/cmTC_a0166.dir/CheckSymbolExists.c.o
/usr/bin/cc    -o CMakeFiles/cmTC_a0166.dir/CheckSymbolExists.c.o   -c /home/owr02/nmp_webots_ws/src/redback_webots_slam/src/NMP_Webots/build/CMakeFiles/CMakeTmp/CheckSymbolExists.c
Linking C executable cmTC_a0166
/usr/bin/cmake -E cmake_link_script CMakeFiles/cmTC_a0166.dir/link.txt --verbose=1
/usr/bin/cc      -rdynamic CMakeFiles/cmTC_a0166.dir/CheckSymbolExists.c.o  -o cmTC_a0166 
CMakeFiles/cmTC_a0166.dir/CheckSymbolExists.c.o: In function `main':
CheckSymbolExists.c:(.text+0x1b): undefined reference to `pthread_create'
collect2: error: ld returned 1 exit status
CMakeFiles/cmTC_a0166.dir/build.make:97: recipe for target 'cmTC_a0166' failed
make[1]: *** [cmTC_a0166] Error 1
make[1]: Leaving directory '/home/owr02/nmp_webots_ws/src/redback_webots_slam/src/NMP_Webots/build/CMakeFiles/CMakeTmp'
Makefile:126: recipe for target 'cmTC_a0166/fast' failed
make: *** [cmTC_a0166/fast] Error 2

File /home/owr02/nmp_webots_ws/src/redback_webots_slam/src/NMP_Webots/build/CMakeFiles/CMakeTmp/CheckSymbolExists.c:
/* */
#include <pthread.h>

int main(int argc, char** argv)
{
  (void)argv;
#ifndef pthread_create
  return ((int*)(&pthread_create))[argc];
#else
  (void)argc;
  return 0;
#endif
}

Determining if the function pthread_create exists in the pthreads failed with the following output:
Change Dir: /home/owr02/nmp_webots_ws/src/redback_webots_slam/src/NMP_Webots/build/CMakeFiles/CMakeTmp

Run Build Command:"/usr/bin/make" "cmTC_742cd/fast"
/usr/bin/make -f CMakeFiles/cmTC_742cd.dir/build.make CMakeFiles/cmTC_742cd.dir/build
make[1]: Entering directory '/home/owr02/nmp_webots_ws/src/redback_webots_slam/src/NMP_Webots/build/CMakeFiles/CMakeTmp'
Building C object CMakeFiles/cmTC_742cd.dir/CheckFunctionExists.c.o
/usr/bin/cc   -DCHECK_FUNCTION_EXISTS=pthread_create   -o CMakeFiles/cmTC_742cd.dir/CheckFunctionExists.c.o   -c /usr/share/cmake-3.10/Modules/CheckFunctionExists.c
Linking C executable cmTC_742cd
/usr/bin/cmake -E cmake_link_script CMakeFiles/cmTC_742cd.dir/link.txt --verbose=1
/usr/bin/cc  -DCHECK_FUNCTION_EXISTS=pthread_create    -rdynamic CMakeFiles/cmTC_742cd.dir/CheckFunctionExists.c.o  -o cmTC_742cd -lpthreads 
/usr/bin/ld: cannot find -lpthreads
collect2: error: ld returned 1 exit status
CMakeFiles/cmTC_742cd.dir/build.make:97: recipe for target 'cmTC_742cd' failed
make[1]: *** [cmTC_742cd] Error 1
make[1]: Leaving directory '/home/owr02/nmp_webots_ws/src/redback_webots_slam/src/NMP_Webots/build/CMakeFiles/CMakeTmp'
Makefile:126: recipe for target 'cmTC_742cd/fast' failed
make: *** [cmTC_742cd/fast] Error 2


